<?xml version="1.0" encoding="UTF-8"?>
<!-- Generated by org.testng.reporters.JUnitXMLReporter -->
<testsuite hostname="Lenovo" ignored="1" name="Test" tests="4" failures="0" timestamp="2022-07-27T15:35:51 IST" time="0.429" errors="0">
  <testcase name="facebook" time="0.023" classname="com.testg.features.Group_Demo"/>
  <testcase name="reddit" time="0.021" classname="com.testg.features.Group_Demo"/>
  <testcase name="spotify" time="0.065" classname="com.testg.features.Group_Demo"/>
  <testcase name="wynk" time="0.025" classname="com.testg.features.Group_Demo"/>
  <testcase name="cricbuzz" time="0.0" classname="com.testg.features.Group_Demo">
    <ignored/>
  </testcase> <!-- cricbuzz -->
</testsuite> <!-- Test -->
